<?xml version="1.0" encoding="UTF-8"?>
<testng-results ignored="0" total="1" passed="1" failed="0" skipped="0">
  <reporter-output>
  </reporter-output>
  <suite started-at="2024-03-05T12:14:25 IST" name="Suite" finished-at="2024-03-05T12:14:35 IST" duration-ms="10283">
    <groups>
    </groups>
    <test started-at="2024-03-05T12:14:25 IST" name="Test" finished-at="2024-03-05T12:14:35 IST" duration-ms="10283">
      <class name="demo.Hmsinvoke">
        <test-method signature="websiteInvoke()[pri:0, instance:demo.Hmsinvoke@74f0ea28]" started-at="2024-03-05T12:14:25 IST" name="websiteInvoke" finished-at="2024-03-05T12:14:35 IST" duration-ms="10242" status="PASS">
          <reporter-output>
          </reporter-output>
        </test-method> <!-- websiteInvoke -->
      </class> <!-- demo.Hmsinvoke -->
    </test> <!-- Test -->
  </suite> <!-- Suite -->
</testng-results>
