<?xml version="1.0" encoding="UTF-8"?>
<testng-results ignored="0" total="1" passed="1" failed="0" skipped="0">
  <reporter-output>
  </reporter-output>
  <suite started-at="2024-02-28T11:14:46 IST" name="Default suite" finished-at="2024-02-28T11:14:49 IST" duration-ms="2384">
    <groups>
    </groups>
    <test started-at="2024-02-28T11:14:46 IST" name="Default test" finished-at="2024-02-28T11:14:49 IST" duration-ms="2384">
      <class name="demo.Hmsinvoke">
        <test-method signature="websiteInvoke()[pri:0, instance:demo.Hmsinvoke@323b36e0]" started-at="2024-02-28T11:14:46 IST" name="websiteInvoke" finished-at="2024-02-28T11:14:49 IST" duration-ms="2339" status="PASS">
          <reporter-output>
          </reporter-output>
        </test-method> <!-- websiteInvoke -->
      </class> <!-- demo.Hmsinvoke -->
    </test> <!-- Default test -->
  </suite> <!-- Default suite -->
</testng-results>
