<?xml version="1.0" encoding="UTF-8"?>
<testng-results ignored="0" total="1" passed="1" failed="0" skipped="0">
  <reporter-output>
  </reporter-output>
  <suite started-at="2024-03-07T10:41:30 IST" name="Default suite" finished-at="2024-03-07T10:41:47 IST" duration-ms="16947">
    <groups>
    </groups>
    <test started-at="2024-03-07T10:41:30 IST" name="Default test" finished-at="2024-03-07T10:41:47 IST" duration-ms="16947">
      <class name="HmsinvokeTest.LoginTest">
        <test-method signature="webInvoke()[pri:0, instance:HmsinvokeTest.LoginTest@74e52303]" started-at="2024-03-07T10:41:30 IST" name="webInvoke" finished-at="2024-03-07T10:41:47 IST" duration-ms="16903" status="PASS">
          <reporter-output>
          </reporter-output>
        </test-method> <!-- webInvoke -->
      </class> <!-- HmsinvokeTest.LoginTest -->
    </test> <!-- Default test -->
  </suite> <!-- Default suite -->
</testng-results>
